<?xml version="1.0" encoding="UTF-8" standalone="no"?>
<testsuite failures="0" name="cucumber.runtime.formatter.JUnitFormatter" skipped="0" tests="4" time="14.325669">
<testcase classname="Swag Labs home page feature" name="Swag Labs home page drop down to list products test" time="4.203272">
<system-out><![CDATA[Given user is already on login page.........................................passed
Then user enters standard_user and secret_sauce to login....................passed
Then verify products as per dropdown Name (A to Z)..........................passed
And close the browser.......................................................passed
]]></system-out>
</testcase>
<testcase classname="Swag Labs home page feature" name="Swag Labs home page drop down to list products test 2" time="3.488507">
<system-out><![CDATA[Given user is already on login page.........................................passed
Then user enters standard_user and secret_sauce to login....................passed
Then verify products as per dropdown Name (Z to A)..........................passed
And close the browser.......................................................passed
]]></system-out>
</testcase>
<testcase classname="Swag Labs home page feature" name="Swag Labs home page drop down to list products test 3" time="3.278412">
<system-out><![CDATA[Given user is already on login page.........................................passed
Then user enters standard_user and secret_sauce to login....................passed
Then verify products as per dropdown Price (low to high)....................passed
And close the browser.......................................................passed
]]></system-out>
</testcase>
<testcase classname="Swag Labs home page feature" name="Swag Labs home page drop down to list products test 4" time="3.355478">
<system-out><![CDATA[Given user is already on login page.........................................passed
Then user enters standard_user and secret_sauce to login....................passed
Then verify products as per dropdown Price (high to low)....................passed
And close the browser.......................................................passed
]]></system-out>
</testcase>
</testsuite>
